01:20:09.712 [main] INFO  ru.i.sys.labs.Application standardLogback [] - Starting Application using Java 1.8.0_271 on WIN-KCQUVQLO9F3 with PID 3684 (C:\Users\Albion\Desktop\Task\TaskOnlineShop\target\classes started by Albion in C:\Users\Albion\Desktop\Task\TaskOnlineShop)
01:20:09.712 [main] INFO  ru.i.sys.labs.Application standardLogback [] - No active profile set, falling back to default profiles: default
01:20:11.288 [main] INFO  o.s.d.r.c.RepositoryConfigurationDelegate standardLogback [] - Bootstrapping Spring Data JPA repositories in DEFAULT mode.
01:20:11.428 [main] INFO  o.s.d.r.c.RepositoryConfigurationDelegate standardLogback [] - Finished Spring Data repository scanning in 127 ms. Found 6 JPA repository interfaces.
01:20:12.132 [main] INFO  o.s.b.w.e.tomcat.TomcatWebServer standardLogback [] - Tomcat initialized with port(s): 8080 (http)
01:20:12.132 [main] INFO  o.a.coyote.http11.Http11NioProtocol standardLogback [] - Initializing ProtocolHandler ["http-nio-8080"]
01:20:12.132 [main] INFO  o.a.catalina.core.StandardService standardLogback [] - Starting service [Tomcat]
01:20:12.132 [main] INFO  o.a.catalina.core.StandardEngine standardLogback [] - Starting Servlet engine: [Apache Tomcat/9.0.52]
01:20:12.319 [main] INFO  o.a.c.c.C.[Tomcat].[localhost].[/] standardLogback [] - Initializing Spring embedded WebApplicationContext
01:20:12.319 [main] INFO  o.s.b.w.s.c.ServletWebServerApplicationContext standardLogback [] - Root WebApplicationContext: initialization completed in 2498 ms
01:20:12.553 [main] INFO  o.f.c.i.license.VersionPrinter standardLogback [] - Flyway Community Edition 7.7.3 by Redgate
01:20:12.553 [main] INFO  com.zaxxer.hikari.HikariDataSource standardLogback [] - HikariPool-1 - Starting...
01:20:12.694 [main] INFO  com.zaxxer.hikari.HikariDataSource standardLogback [] - HikariPool-1 - Start completed.
01:20:12.725 [main] INFO  o.f.c.i.database.base.DatabaseType standardLogback [] - Database: jdbc:postgresql://localhost:5432/shop_db (PostgreSQL 14.0)
01:20:12.725 [main] WARN  o.f.c.i.database.base.Database standardLogback [] - Flyway upgrade recommended: org.flywaydb.core.internal.database.postgresql.PostgreSQLDatabaseType@5d497a91 14.0 is newer than this version of Flyway and support has not been tested. The latest supported version of org.flywaydb.core.internal.database.postgresql.PostgreSQLDatabaseType@5d497a91 is 13.
01:20:12.928 [main] INFO  o.f.core.internal.command.DbValidate standardLogback [] - Successfully validated 7 migrations (execution time 00:00.171s)
01:20:12.944 [main] INFO  o.f.core.internal.command.DbMigrate standardLogback [] - Current version of schema "shop": 2.1
01:20:12.944 [main] INFO  o.f.core.internal.command.DbMigrate standardLogback [] - Schema "shop" is up to date. No migration necessary.
01:20:13.163 [main] INFO  o.h.jpa.internal.util.LogHelper standardLogback [] - HHH000204: Processing PersistenceUnitInfo [name: default]
01:20:13.225 [main] INFO  org.hibernate.Version standardLogback [] - HHH000412: Hibernate ORM core version 5.4.32.Final
01:20:13.397 [main] INFO  o.h.annotations.common.Version standardLogback [] - HCANN000001: Hibernate Commons Annotations {5.1.2.Final}
01:20:13.585 [main] INFO  org.hibernate.dialect.Dialect standardLogback [] - HHH000400: Using dialect: org.hibernate.dialect.PostgreSQL10Dialect
01:20:14.538 [main] INFO  o.h.e.t.j.p.i.JtaPlatformInitiator standardLogback [] - HHH000490: Using JtaPlatform implementation: [org.hibernate.engine.transaction.jta.platform.internal.NoJtaPlatform]
01:20:14.554 [main] INFO  o.s.o.j.LocalContainerEntityManagerFactoryBean standardLogback [] - Initialized JPA EntityManagerFactory for persistence unit 'default'
01:20:15.415 [main] INFO  org.quartz.impl.StdSchedulerFactory standardLogback [] - Using default implementation for ThreadExecutor
01:20:15.446 [main] INFO  o.quartz.core.SchedulerSignalerImpl standardLogback [] - Initialized Scheduler Signaller of type: class org.quartz.core.SchedulerSignalerImpl
01:20:15.446 [main] INFO  org.quartz.core.QuartzScheduler standardLogback [] - Quartz Scheduler v.2.2.1 created.
01:20:15.446 [main] INFO  org.quartz.simpl.RAMJobStore standardLogback [] - RAMJobStore initialized.
01:20:15.446 [main] INFO  org.quartz.core.QuartzScheduler standardLogback [] - Scheduler meta-data: Quartz Scheduler (v2.2.1) 'quartzScheduler' with instanceId 'NON_CLUSTERED'
  Scheduler class: 'org.quartz.core.QuartzScheduler' - running locally.
  NOT STARTED.
  Currently in standby mode.
  Number of jobs executed: 0
  Using thread pool 'org.quartz.simpl.SimpleThreadPool' - with 10 threads.
  Using job-store 'org.quartz.simpl.RAMJobStore' - which does not support persistence. and is not clustered.

01:20:15.446 [main] INFO  org.quartz.impl.StdSchedulerFactory standardLogback [] - Quartz scheduler 'quartzScheduler' initialized from an externally provided properties instance.
01:20:15.446 [main] INFO  org.quartz.impl.StdSchedulerFactory standardLogback [] - Quartz scheduler version: 2.2.1
01:20:15.446 [main] INFO  org.quartz.core.QuartzScheduler standardLogback [] - JobFactory set to: org.springframework.scheduling.quartz.SpringBeanJobFactory@7a0f06ad
01:20:15.446 [main] INFO  org.quartz.core.QuartzScheduler standardLogback [] - Scheduler quartzScheduler_$_NON_CLUSTERED started.
01:20:15.759 [main] WARN  o.s.b.a.o.j.JpaBaseConfiguration$JpaWebConfiguration standardLogback [] - spring.jpa.open-in-view is enabled by default. Therefore, database queries may be performed during view rendering. Explicitly configure spring.jpa.open-in-view to disable this warning
01:20:15.946 [main] INFO  s.d.s.w.PropertySourcedRequestMappingHandlerMapping standardLogback [] - Mapped URL path [/v2/api-docs] onto method [springfox.documentation.swagger2.web.Swagger2Controller#getDocumentation(String, HttpServletRequest)]
01:20:16.321 [main] INFO  o.a.coyote.http11.Http11NioProtocol standardLogback [] - Starting ProtocolHandler ["http-nio-8080"]
01:20:16.352 [main] INFO  o.s.b.w.e.tomcat.TomcatWebServer standardLogback [] - Tomcat started on port(s): 8080 (http) with context path ''
01:20:16.352 [main] INFO  s.d.s.w.p.DocumentationPluginsBootstrapper standardLogback [] - Context refreshed
01:20:16.368 [main] INFO  s.d.s.w.p.DocumentationPluginsBootstrapper standardLogback [] - Found 1 custom documentation plugin(s)
01:20:16.446 [main] INFO  s.d.s.w.s.ApiListingReferenceScanner standardLogback [] - Scanning for api listing references
01:20:17.055 [main] INFO  ru.i.sys.labs.Application standardLogback [] - Started Application in 8.51 seconds (JVM running for 10.113)
01:20:22.888 [http-nio-8080-exec-2] INFO  o.a.c.c.C.[Tomcat].[localhost].[/] standardLogback [] - Initializing Spring DispatcherServlet 'dispatcherServlet'
01:20:22.888 [http-nio-8080-exec-2] INFO  o.s.web.servlet.DispatcherServlet standardLogback [] - Initializing Servlet 'dispatcherServlet'
01:20:22.889 [http-nio-8080-exec-2] INFO  o.s.web.servlet.DispatcherServlet standardLogback [] - Completed initialization in 1 ms
01:20:22.939 [http-nio-8080-exec-2] INFO  ru.i.sys.labs.service.ProductService standardLogback [] - list products
01:20:22.939 [http-nio-8080-exec-2] INFO  r.i.s.l.s.ProductRepositoryDAO standardLogback [] - executing a database query 'findAll'
01:20:24.006 [http-nio-8080-exec-3] INFO  ru.i.sys.labs.service.ProductService standardLogback [] - list products
01:20:24.009 [http-nio-8080-exec-3] INFO  r.i.s.l.s.ProductRepositoryDAO standardLogback [] - executing a database query 'findAll'
01:20:24.742 [http-nio-8080-exec-4] INFO  ru.i.sys.labs.service.ProductService standardLogback [] - list products
01:20:24.742 [http-nio-8080-exec-4] INFO  r.i.s.l.s.ProductRepositoryDAO standardLogback [] - executing a database query 'findAll'
01:20:25.425 [http-nio-8080-exec-5] INFO  ru.i.sys.labs.service.ProductService standardLogback [] - list products
01:20:25.426 [http-nio-8080-exec-5] INFO  r.i.s.l.s.ProductRepositoryDAO standardLogback [] - executing a database query 'findAll'
01:20:46.254 [http-nio-8080-exec-6] INFO  ru.i.sys.labs.service.ProductService standardLogback [] - list products
01:20:46.254 [http-nio-8080-exec-6] INFO  r.i.s.l.s.ProductRepositoryDAO standardLogback [] - executing a database query 'findAll'
01:20:46.756 [http-nio-8080-exec-7] INFO  ru.i.sys.labs.service.ProductService standardLogback [] - list products
01:20:46.756 [http-nio-8080-exec-7] INFO  r.i.s.l.s.ProductRepositoryDAO standardLogback [] - executing a database query 'findAll'
01:21:00.023 [scheduling-1] INFO  r.i.s.l.s.OrderRepositoryDAO standardLogback [] - executing a database query 'findListNoPay'
01:21:00.101 [scheduling-1] WARN  ru.i.sys.labs.scheduled.MailMessage standardLogback [] - Mail-message || Order with ID 20000000-ab7a-4347-8319-12bead48ea8d no pair
01:21:00.101 [scheduling-1] WARN  ru.i.sys.labs.scheduled.MailMessage standardLogback [] - Mail-message || Order with ID 20000001-ab7a-4347-8319-12bead48ea8d no pair
01:21:00.101 [scheduling-1] WARN  ru.i.sys.labs.scheduled.MailMessage standardLogback [] - Mail-message || Order with ID 20000003-ab7a-4347-8319-12bead48ea8d no pair
01:21:00.101 [scheduling-1] WARN  ru.i.sys.labs.scheduled.MailMessage standardLogback [] - Mail-message || Order with ID 20000004-ab7a-4347-8319-12bead48ea8d no pair
01:21:00.101 [scheduling-1] WARN  ru.i.sys.labs.scheduled.MailMessage standardLogback [] - Mail-message || Order with ID 20000002-ab7a-4347-8319-12bead48ea8d no pair
01:21:00.101 [scheduling-1] INFO  r.i.s.l.s.OrderRepositoryDAO standardLogback [] - executing a database query 'findListNoPay'
01:21:00.101 [scheduling-1] WARN  ru.i.sys.labs.scheduled.SMSMessage standardLogback [] - SMS-message || Order with ID 20000000-ab7a-4347-8319-12bead48ea8d no pair
01:21:00.101 [scheduling-1] WARN  ru.i.sys.labs.scheduled.SMSMessage standardLogback [] - SMS-message || Order with ID 20000001-ab7a-4347-8319-12bead48ea8d no pair
01:21:00.101 [scheduling-1] WARN  ru.i.sys.labs.scheduled.SMSMessage standardLogback [] - SMS-message || Order with ID 20000003-ab7a-4347-8319-12bead48ea8d no pair
01:21:00.101 [scheduling-1] WARN  ru.i.sys.labs.scheduled.SMSMessage standardLogback [] - SMS-message || Order with ID 20000004-ab7a-4347-8319-12bead48ea8d no pair
01:21:00.101 [scheduling-1] WARN  ru.i.sys.labs.scheduled.SMSMessage standardLogback [] - SMS-message || Order with ID 20000002-ab7a-4347-8319-12bead48ea8d no pair
