12:59:50.937 [main] INFO  ru.i.sys.labs.Application main-logback [] - Starting Application using Java 1.8.0_271 on WIN-KCQUVQLO9F3 with PID 2596 (C:\Users\Albion\Desktop\Task\TaskOnlineShop\target\classes started by Albion in C:\Users\Albion\Desktop\Task\TaskOnlineShop)
12:59:50.937 [main] INFO  ru.i.sys.labs.Application main-logback [] - No active profile set, falling back to default profiles: default
12:59:52.594 [main] INFO  o.s.d.r.c.RepositoryConfigurationDelegate main-logback [] - Bootstrapping Spring Data JPA repositories in DEFAULT mode.
12:59:52.773 [main] INFO  o.s.d.r.c.RepositoryConfigurationDelegate main-logback [] - Finished Spring Data repository scanning in 158 ms. Found 6 JPA repository interfaces.
12:59:53.645 [main] INFO  o.s.b.w.e.tomcat.TomcatWebServer main-logback [] - Tomcat initialized with port(s): 8080 (http)
12:59:53.661 [main] INFO  o.a.coyote.http11.Http11NioProtocol main-logback [] - Initializing ProtocolHandler ["http-nio-8080"]
12:59:53.661 [main] INFO  o.a.catalina.core.StandardService main-logback [] - Starting service [Tomcat]
12:59:53.661 [main] INFO  o.a.catalina.core.StandardEngine main-logback [] - Starting Servlet engine: [Apache Tomcat/9.0.52]
12:59:53.918 [main] INFO  o.a.c.c.C.[Tomcat].[localhost].[/] main-logback [] - Initializing Spring embedded WebApplicationContext
12:59:53.918 [main] INFO  o.s.b.w.s.c.ServletWebServerApplicationContext main-logback [] - Root WebApplicationContext: initialization completed in 2903 ms
12:59:54.229 [main] INFO  o.f.c.i.license.VersionPrinter main-logback [] - Flyway Community Edition 7.7.3 by Redgate
12:59:54.242 [main] INFO  com.zaxxer.hikari.HikariDataSource main-logback [] - HikariPool-1 - Starting...
12:59:54.432 [main] INFO  com.zaxxer.hikari.HikariDataSource main-logback [] - HikariPool-1 - Start completed.
12:59:54.495 [main] INFO  o.f.c.i.database.base.DatabaseType main-logback [] - Database: jdbc:postgresql://localhost:5432/shop_db (PostgreSQL 14.0)
12:59:54.510 [main] WARN  o.f.c.i.database.base.Database main-logback [] - Flyway upgrade recommended: org.flywaydb.core.internal.database.postgresql.PostgreSQLDatabaseType@2975a9e 14.0 is newer than this version of Flyway and support has not been tested. The latest supported version of org.flywaydb.core.internal.database.postgresql.PostgreSQLDatabaseType@2975a9e is 13.
12:59:54.760 [main] INFO  o.f.core.internal.command.DbValidate main-logback [] - Successfully validated 7 migrations (execution time 00:00.212s)
12:59:54.776 [main] INFO  o.f.core.internal.command.DbMigrate main-logback [] - Current version of schema "shop": 2.1
12:59:54.776 [main] INFO  o.f.core.internal.command.DbMigrate main-logback [] - Schema "shop" is up to date. No migration necessary.
12:59:55.042 [main] INFO  o.h.jpa.internal.util.LogHelper main-logback [] - HHH000204: Processing PersistenceUnitInfo [name: default]
12:59:55.151 [main] INFO  org.hibernate.Version main-logback [] - HHH000412: Hibernate ORM core version 5.4.32.Final
12:59:55.479 [main] INFO  o.h.annotations.common.Version main-logback [] - HCANN000001: Hibernate Commons Annotations {5.1.2.Final}
12:59:55.682 [main] INFO  org.hibernate.dialect.Dialect main-logback [] - HHH000400: Using dialect: org.hibernate.dialect.PostgreSQL10Dialect
12:59:56.823 [main] INFO  o.h.e.t.j.p.i.JtaPlatformInitiator main-logback [] - HHH000490: Using JtaPlatform implementation: [org.hibernate.engine.transaction.jta.platform.internal.NoJtaPlatform]
12:59:56.870 [main] INFO  o.s.o.j.LocalContainerEntityManagerFactoryBean main-logback [] - Initialized JPA EntityManagerFactory for persistence unit 'default'
12:59:58.500 [main] INFO  org.quartz.impl.StdSchedulerFactory main-logback [] - Using default implementation for ThreadExecutor
12:59:58.516 [main] INFO  o.quartz.core.SchedulerSignalerImpl main-logback [] - Initialized Scheduler Signaller of type: class org.quartz.core.SchedulerSignalerImpl
12:59:58.516 [main] INFO  org.quartz.core.QuartzScheduler main-logback [] - Quartz Scheduler v.2.2.1 created.
12:59:58.516 [main] INFO  org.quartz.simpl.RAMJobStore main-logback [] - RAMJobStore initialized.
12:59:58.516 [main] INFO  org.quartz.core.QuartzScheduler main-logback [] - Scheduler meta-data: Quartz Scheduler (v2.2.1) 'quartzScheduler' with instanceId 'NON_CLUSTERED'
  Scheduler class: 'org.quartz.core.QuartzScheduler' - running locally.
  NOT STARTED.
  Currently in standby mode.
  Number of jobs executed: 0
  Using thread pool 'org.quartz.simpl.SimpleThreadPool' - with 10 threads.
  Using job-store 'org.quartz.simpl.RAMJobStore' - which does not support persistence. and is not clustered.

12:59:58.516 [main] INFO  org.quartz.impl.StdSchedulerFactory main-logback [] - Quartz scheduler 'quartzScheduler' initialized from an externally provided properties instance.
12:59:58.516 [main] INFO  org.quartz.impl.StdSchedulerFactory main-logback [] - Quartz scheduler version: 2.2.1
12:59:58.516 [main] INFO  org.quartz.core.QuartzScheduler main-logback [] - JobFactory set to: org.springframework.scheduling.quartz.SpringBeanJobFactory@165aa43a
12:59:58.547 [main] INFO  org.quartz.core.QuartzScheduler main-logback [] - Scheduler quartzScheduler_$_NON_CLUSTERED started.
12:59:58.954 [main] WARN  o.s.b.a.o.j.JpaBaseConfiguration$JpaWebConfiguration main-logback [] - spring.jpa.open-in-view is enabled by default. Therefore, database queries may be performed during view rendering. Explicitly configure spring.jpa.open-in-view to disable this warning
12:59:59.204 [main] INFO  s.d.s.w.PropertySourcedRequestMappingHandlerMapping main-logback [] - Mapped URL path [/v2/api-docs] onto method [springfox.documentation.swagger2.web.Swagger2Controller#getDocumentation(String, HttpServletRequest)]
12:59:59.594 [main] INFO  o.a.coyote.http11.Http11NioProtocol main-logback [] - Starting ProtocolHandler ["http-nio-8080"]
12:59:59.610 [main] INFO  o.s.b.w.e.tomcat.TomcatWebServer main-logback [] - Tomcat started on port(s): 8080 (http) with context path ''
12:59:59.625 [main] INFO  s.d.s.w.p.DocumentationPluginsBootstrapper main-logback [] - Context refreshed
12:59:59.657 [main] INFO  s.d.s.w.p.DocumentationPluginsBootstrapper main-logback [] - Found 1 custom documentation plugin(s)
12:59:59.969 [main] INFO  s.d.s.w.s.ApiListingReferenceScanner main-logback [] - Scanning for api listing references
13:00:00.344 [main] INFO  ru.i.sys.labs.Application main-logback [] - Started Application in 10.957 seconds (JVM running for 13.287)
13:01:00.005 [scheduling-1] INFO  r.i.s.l.s.CustomerRepositoryDAO main-logback [] - executing a database query 'findAll' and specification ru.i.sys.labs.specification.CustomerSpecification$$Lambda$1028/605078365@1f7668af
13:01:00.092 [scheduling-1] ERROR o.s.s.s.TaskUtils$LoggingErrorHandler main-logback [] - Unexpected error occurred in scheduled task
org.springframework.dao.InvalidDataAccessApiUsageException: Parameter value [11/18] did not match expected type [java.util.Date (n/a)]; nested exception is java.lang.IllegalArgumentException: Parameter value [11/18] did not match expected type [java.util.Date (n/a)]
	at org.springframework.orm.jpa.EntityManagerFactoryUtils.convertJpaAccessExceptionIfPossible(EntityManagerFactoryUtils.java:374)
	at org.springframework.orm.jpa.vendor.HibernateJpaDialect.translateExceptionIfPossible(HibernateJpaDialect.java:235)
	at org.springframework.orm.jpa.AbstractEntityManagerFactoryBean.translateExceptionIfPossible(AbstractEntityManagerFactoryBean.java:551)
	at org.springframework.dao.support.ChainedPersistenceExceptionTranslator.translateExceptionIfPossible(ChainedPersistenceExceptionTranslator.java:61)
	at org.springframework.dao.support.DataAccessUtils.translateIfNecessary(DataAccessUtils.java:242)
	at org.springframework.dao.support.PersistenceExceptionTranslationInterceptor.invoke(PersistenceExceptionTranslationInterceptor.java:152)
	at org.springframework.aop.framework.ReflectiveMethodInvocation.proceed(ReflectiveMethodInvocation.java:186)
	at org.springframework.data.jpa.repository.support.CrudMethodMetadataPostProcessor$CrudMethodMetadataPopulatingMethodInterceptor.invoke(CrudMethodMetadataPostProcessor.java:174)
	at org.springframework.aop.framework.ReflectiveMethodInvocation.proceed(ReflectiveMethodInvocation.java:186)
	at org.springframework.aop.interceptor.ExposeInvocationInterceptor.invoke(ExposeInvocationInterceptor.java:97)
	at org.springframework.aop.framework.ReflectiveMethodInvocation.proceed(ReflectiveMethodInvocation.java:186)
	at org.springframework.aop.framework.JdkDynamicAopProxy.invoke(JdkDynamicAopProxy.java:215)
	at com.sun.proxy.$Proxy101.findAll(Unknown Source)
	at ru.i.sys.labs.serviceDAO.CustomerRepositoryDAO.findAll(CustomerRepositoryDAO.java:32)
	at ru.i.sys.labs.scheduled.AlertMessagesService.customerHasBirthday(AlertMessagesService.java:41)
	at ru.i.sys.labs.scheduled.BirthdayMessage.sendMessage(BirthdayMessage.java:23)
	at ru.i.sys.labs.configuration.ScheduleConfiguration.congratulate(ScheduleConfiguration.java:34)
	at sun.reflect.NativeMethodAccessorImpl.invoke0(Native Method)
	at sun.reflect.NativeMethodAccessorImpl.invoke(NativeMethodAccessorImpl.java:62)
	at sun.reflect.DelegatingMethodAccessorImpl.invoke(DelegatingMethodAccessorImpl.java:43)
	at java.lang.reflect.Method.invoke(Method.java:498)
	at org.springframework.scheduling.support.ScheduledMethodRunnable.run(ScheduledMethodRunnable.java:84)
	at org.springframework.scheduling.support.DelegatingErrorHandlingRunnable.run(DelegatingErrorHandlingRunnable.java:54)
	at org.springframework.scheduling.concurrent.ReschedulingRunnable.run(ReschedulingRunnable.java:95)
	at java.util.concurrent.Executors$RunnableAdapter.call(Executors.java:511)
	at java.util.concurrent.FutureTask.run(FutureTask.java:266)
	at java.util.concurrent.ScheduledThreadPoolExecutor$ScheduledFutureTask.access$201(ScheduledThreadPoolExecutor.java:180)
	at java.util.concurrent.ScheduledThreadPoolExecutor$ScheduledFutureTask.run(ScheduledThreadPoolExecutor.java:293)
	at java.util.concurrent.ThreadPoolExecutor.runWorker(ThreadPoolExecutor.java:1149)
	at java.util.concurrent.ThreadPoolExecutor$Worker.run(ThreadPoolExecutor.java:624)
	at java.lang.Thread.run(Thread.java:748)
Caused by: java.lang.IllegalArgumentException: Parameter value [11/18] did not match expected type [java.util.Date (n/a)]
	at org.hibernate.query.spi.QueryParameterBindingValidator.validate(QueryParameterBindingValidator.java:54)
	at org.hibernate.query.spi.QueryParameterBindingValidator.validate(QueryParameterBindingValidator.java:27)
	at org.hibernate.query.internal.QueryParameterBindingImpl.validate(QueryParameterBindingImpl.java:90)
	at org.hibernate.query.internal.QueryParameterBindingImpl.setBindValue(QueryParameterBindingImpl.java:55)
	at org.hibernate.query.internal.AbstractProducedQuery.setParameter(AbstractProducedQuery.java:494)
	at org.hibernate.query.internal.AbstractProducedQuery.setParameter(AbstractProducedQuery.java:115)
	at org.hibernate.query.criteria.internal.compile.CriteriaCompiler$1$1.bind(CriteriaCompiler.java:135)
	at org.hibernate.query.criteria.internal.CriteriaQueryImpl$1.buildCompiledQuery(CriteriaQueryImpl.java:364)
	at org.hibernate.query.criteria.internal.compile.CriteriaCompiler.compile(CriteriaCompiler.java:165)
	at org.hibernate.internal.AbstractSharedSessionContract.createQuery(AbstractSharedSessionContract.java:751)
	at org.hibernate.internal.AbstractSharedSessionContract.createQuery(AbstractSharedSessionContract.java:114)
	at sun.reflect.NativeMethodAccessorImpl.invoke0(Native Method)
	at sun.reflect.NativeMethodAccessorImpl.invoke(NativeMethodAccessorImpl.java:62)
	at sun.reflect.DelegatingMethodAccessorImpl.invoke(DelegatingMethodAccessorImpl.java:43)
	at java.lang.reflect.Method.invoke(Method.java:498)
	at org.springframework.orm.jpa.SharedEntityManagerCreator$SharedEntityManagerInvocationHandler.invoke(SharedEntityManagerCreator.java:311)
	at com.sun.proxy.$Proxy94.createQuery(Unknown Source)
	at org.springframework.data.jpa.repository.support.SimpleJpaRepository.getQuery(SimpleJpaRepository.java:757)
	at org.springframework.data.jpa.repository.support.SimpleJpaRepository.getQuery(SimpleJpaRepository.java:734)
	at org.springframework.data.jpa.repository.support.SimpleJpaRepository.findAll(SimpleJpaRepository.java:474)
	at sun.reflect.NativeMethodAccessorImpl.invoke0(Native Method)
	at sun.reflect.NativeMethodAccessorImpl.invoke(NativeMethodAccessorImpl.java:62)
	at sun.reflect.DelegatingMethodAccessorImpl.invoke(DelegatingMethodAccessorImpl.java:43)
	at java.lang.reflect.Method.invoke(Method.java:498)
	at org.springframework.data.repository.core.support.RepositoryMethodInvoker$RepositoryFragmentMethodInvoker.lambda$new$0(RepositoryMethodInvoker.java:289)
	at org.springframework.data.repository.core.support.RepositoryMethodInvoker.doInvoke(RepositoryMethodInvoker.java:137)
	at org.springframework.data.repository.core.support.RepositoryMethodInvoker.invoke(RepositoryMethodInvoker.java:121)
	at org.springframework.data.repository.core.support.RepositoryComposition$RepositoryFragments.invoke(RepositoryComposition.java:529)
	at org.springframework.data.repository.core.support.RepositoryComposition.invoke(RepositoryComposition.java:285)
	at org.springframework.data.repository.core.support.RepositoryFactorySupport$ImplementationMethodExecutionInterceptor.invoke(RepositoryFactorySupport.java:599)
	at org.springframework.aop.framework.ReflectiveMethodInvocation.proceed(ReflectiveMethodInvocation.java:186)
	at org.springframework.data.repository.core.support.QueryExecutorMethodInterceptor.doInvoke(QueryExecutorMethodInterceptor.java:163)
	at org.springframework.data.repository.core.support.QueryExecutorMethodInterceptor.invoke(QueryExecutorMethodInterceptor.java:138)
	at org.springframework.aop.framework.ReflectiveMethodInvocation.proceed(ReflectiveMethodInvocation.java:186)
	at org.springframework.data.projection.DefaultMethodInvokingMethodInterceptor.invoke(DefaultMethodInvokingMethodInterceptor.java:80)
	at org.springframework.aop.framework.ReflectiveMethodInvocation.proceed(ReflectiveMethodInvocation.java:186)
	at org.springframework.transaction.interceptor.TransactionInterceptor$1.proceedWithInvocation(TransactionInterceptor.java:123)
	at org.springframework.transaction.interceptor.TransactionAspectSupport.invokeWithinTransaction(TransactionAspectSupport.java:388)
	at org.springframework.transaction.interceptor.TransactionInterceptor.invoke(TransactionInterceptor.java:119)
	at org.springframework.aop.framework.ReflectiveMethodInvocation.proceed(ReflectiveMethodInvocation.java:186)
	at org.springframework.dao.support.PersistenceExceptionTranslationInterceptor.invoke(PersistenceExceptionTranslationInterceptor.java:137)
	... 25 common frames omitted
13:01:00.095 [scheduling-1] INFO  r.i.s.l.s.OrderRepositoryDAO main-logback [] - executing a database query 'findListNoPay'
13:01:00.266 [scheduling-1] WARN  ru.i.sys.labs.scheduled.MailMessage main-logback [] - Mail-message || Order with ID 20000000-ab7a-4347-8319-12bead48ea8d no pair
13:01:00.266 [scheduling-1] WARN  ru.i.sys.labs.scheduled.MailMessage main-logback [] - Mail-message || Order with ID 20000001-ab7a-4347-8319-12bead48ea8d no pair
13:01:00.267 [scheduling-1] WARN  ru.i.sys.labs.scheduled.MailMessage main-logback [] - Mail-message || Order with ID 20000003-ab7a-4347-8319-12bead48ea8d no pair
13:01:00.267 [scheduling-1] WARN  ru.i.sys.labs.scheduled.MailMessage main-logback [] - Mail-message || Order with ID 20000004-ab7a-4347-8319-12bead48ea8d no pair
13:01:00.267 [scheduling-1] INFO  r.i.s.l.s.OrderRepositoryDAO main-logback [] - executing a database query 'findListNoPay'
13:01:00.274 [scheduling-1] WARN  ru.i.sys.labs.scheduled.SMSMessage main-logback [] - SMS-message || Order with ID 20000000-ab7a-4347-8319-12bead48ea8d no pair
13:01:00.275 [scheduling-1] WARN  ru.i.sys.labs.scheduled.SMSMessage main-logback [] - SMS-message || Order with ID 20000001-ab7a-4347-8319-12bead48ea8d no pair
13:01:00.275 [scheduling-1] WARN  ru.i.sys.labs.scheduled.SMSMessage main-logback [] - SMS-message || Order with ID 20000003-ab7a-4347-8319-12bead48ea8d no pair
13:01:00.276 [scheduling-1] WARN  ru.i.sys.labs.scheduled.SMSMessage main-logback [] - SMS-message || Order with ID 20000004-ab7a-4347-8319-12bead48ea8d no pair
13:01:00.276 [scheduling-1] INFO  r.i.s.l.s.OrderRepositoryDAO main-logback [] - executing a database query 'findOrdersPay'
13:01:00.317 [scheduling-1] INFO  ru.i.sys.labs.scheduled.SMSMessage main-logback [] - SMS-message || Order PAID with ID 20000002-ab7a-4347-8319-12bead48ea8d 
13:02:00.001 [scheduling-1] INFO  r.i.s.l.s.OrderRepositoryDAO main-logback [] - executing a database query 'findListNoPay'
13:02:00.001 [scheduling-1] WARN  ru.i.sys.labs.scheduled.MailMessage main-logback [] - Mail-message || Order with ID 20000000-ab7a-4347-8319-12bead48ea8d no pair
13:02:00.016 [scheduling-1] WARN  ru.i.sys.labs.scheduled.MailMessage main-logback [] - Mail-message || Order with ID 20000001-ab7a-4347-8319-12bead48ea8d no pair
13:02:00.016 [scheduling-1] WARN  ru.i.sys.labs.scheduled.MailMessage main-logback [] - Mail-message || Order with ID 20000003-ab7a-4347-8319-12bead48ea8d no pair
13:02:00.016 [scheduling-1] WARN  ru.i.sys.labs.scheduled.MailMessage main-logback [] - Mail-message || Order with ID 20000004-ab7a-4347-8319-12bead48ea8d no pair
13:02:00.016 [scheduling-1] INFO  r.i.s.l.s.OrderRepositoryDAO main-logback [] - executing a database query 'findListNoPay'
13:02:00.032 [scheduling-1] WARN  ru.i.sys.labs.scheduled.SMSMessage main-logback [] - SMS-message || Order with ID 20000000-ab7a-4347-8319-12bead48ea8d no pair
13:02:00.032 [scheduling-1] WARN  ru.i.sys.labs.scheduled.SMSMessage main-logback [] - SMS-message || Order with ID 20000001-ab7a-4347-8319-12bead48ea8d no pair
13:02:00.032 [scheduling-1] WARN  ru.i.sys.labs.scheduled.SMSMessage main-logback [] - SMS-message || Order with ID 20000003-ab7a-4347-8319-12bead48ea8d no pair
13:02:00.032 [scheduling-1] WARN  ru.i.sys.labs.scheduled.SMSMessage main-logback [] - SMS-message || Order with ID 20000004-ab7a-4347-8319-12bead48ea8d no pair
13:02:00.032 [scheduling-1] INFO  r.i.s.l.s.OrderRepositoryDAO main-logback [] - executing a database query 'findOrdersPay'
13:02:00.047 [scheduling-1] INFO  ru.i.sys.labs.scheduled.SMSMessage main-logback [] - SMS-message || Order PAID with ID 20000002-ab7a-4347-8319-12bead48ea8d 
13:02:00.047 [scheduling-1] INFO  r.i.s.l.s.CustomerRepositoryDAO main-logback [] - executing a database query 'findAll' and specification ru.i.sys.labs.specification.CustomerSpecification$$Lambda$1028/605078365@61a826ac
13:02:00.047 [scheduling-1] ERROR o.s.s.s.TaskUtils$LoggingErrorHandler main-logback [] - Unexpected error occurred in scheduled task
org.springframework.dao.InvalidDataAccessApiUsageException: Parameter value [11/18] did not match expected type [java.util.Date (n/a)]; nested exception is java.lang.IllegalArgumentException: Parameter value [11/18] did not match expected type [java.util.Date (n/a)]
	at org.springframework.orm.jpa.EntityManagerFactoryUtils.convertJpaAccessExceptionIfPossible(EntityManagerFactoryUtils.java:374)
	at org.springframework.orm.jpa.vendor.HibernateJpaDialect.translateExceptionIfPossible(HibernateJpaDialect.java:235)
	at org.springframework.orm.jpa.AbstractEntityManagerFactoryBean.translateExceptionIfPossible(AbstractEntityManagerFactoryBean.java:551)
	at org.springframework.dao.support.ChainedPersistenceExceptionTranslator.translateExceptionIfPossible(ChainedPersistenceExceptionTranslator.java:61)
	at org.springframework.dao.support.DataAccessUtils.translateIfNecessary(DataAccessUtils.java:242)
	at org.springframework.dao.support.PersistenceExceptionTranslationInterceptor.invoke(PersistenceExceptionTranslationInterceptor.java:152)
	at org.springframework.aop.framework.ReflectiveMethodInvocation.proceed(ReflectiveMethodInvocation.java:186)
	at org.springframework.data.jpa.repository.support.CrudMethodMetadataPostProcessor$CrudMethodMetadataPopulatingMethodInterceptor.invoke(CrudMethodMetadataPostProcessor.java:174)
	at org.springframework.aop.framework.ReflectiveMethodInvocation.proceed(ReflectiveMethodInvocation.java:186)
	at org.springframework.aop.interceptor.ExposeInvocationInterceptor.invoke(ExposeInvocationInterceptor.java:97)
	at org.springframework.aop.framework.ReflectiveMethodInvocation.proceed(ReflectiveMethodInvocation.java:186)
	at org.springframework.aop.framework.JdkDynamicAopProxy.invoke(JdkDynamicAopProxy.java:215)
	at com.sun.proxy.$Proxy101.findAll(Unknown Source)
	at ru.i.sys.labs.serviceDAO.CustomerRepositoryDAO.findAll(CustomerRepositoryDAO.java:32)
	at ru.i.sys.labs.scheduled.AlertMessagesService.customerHasBirthday(AlertMessagesService.java:41)
	at ru.i.sys.labs.scheduled.BirthdayMessage.sendMessage(BirthdayMessage.java:23)
	at ru.i.sys.labs.configuration.ScheduleConfiguration.congratulate(ScheduleConfiguration.java:34)
	at sun.reflect.NativeMethodAccessorImpl.invoke0(Native Method)
	at sun.reflect.NativeMethodAccessorImpl.invoke(NativeMethodAccessorImpl.java:62)
	at sun.reflect.DelegatingMethodAccessorImpl.invoke(DelegatingMethodAccessorImpl.java:43)
	at java.lang.reflect.Method.invoke(Method.java:498)
	at org.springframework.scheduling.support.ScheduledMethodRunnable.run(ScheduledMethodRunnable.java:84)
	at org.springframework.scheduling.support.DelegatingErrorHandlingRunnable.run(DelegatingErrorHandlingRunnable.java:54)
	at org.springframework.scheduling.concurrent.ReschedulingRunnable.run(ReschedulingRunnable.java:95)
	at java.util.concurrent.Executors$RunnableAdapter.call(Executors.java:511)
	at java.util.concurrent.FutureTask.run(FutureTask.java:266)
	at java.util.concurrent.ScheduledThreadPoolExecutor$ScheduledFutureTask.access$201(ScheduledThreadPoolExecutor.java:180)
	at java.util.concurrent.ScheduledThreadPoolExecutor$ScheduledFutureTask.run(ScheduledThreadPoolExecutor.java:293)
	at java.util.concurrent.ThreadPoolExecutor.runWorker(ThreadPoolExecutor.java:1149)
	at java.util.concurrent.ThreadPoolExecutor$Worker.run(ThreadPoolExecutor.java:624)
	at java.lang.Thread.run(Thread.java:748)
Caused by: java.lang.IllegalArgumentException: Parameter value [11/18] did not match expected type [java.util.Date (n/a)]
	at org.hibernate.query.spi.QueryParameterBindingValidator.validate(QueryParameterBindingValidator.java:54)
	at org.hibernate.query.spi.QueryParameterBindingValidator.validate(QueryParameterBindingValidator.java:27)
	at org.hibernate.query.internal.QueryParameterBindingImpl.validate(QueryParameterBindingImpl.java:90)
	at org.hibernate.query.internal.QueryParameterBindingImpl.setBindValue(QueryParameterBindingImpl.java:55)
	at org.hibernate.query.internal.AbstractProducedQuery.setParameter(AbstractProducedQuery.java:494)
	at org.hibernate.query.internal.AbstractProducedQuery.setParameter(AbstractProducedQuery.java:115)
	at org.hibernate.query.criteria.internal.compile.CriteriaCompiler$1$1.bind(CriteriaCompiler.java:135)
	at org.hibernate.query.criteria.internal.CriteriaQueryImpl$1.buildCompiledQuery(CriteriaQueryImpl.java:364)
	at org.hibernate.query.criteria.internal.compile.CriteriaCompiler.compile(CriteriaCompiler.java:165)
	at org.hibernate.internal.AbstractSharedSessionContract.createQuery(AbstractSharedSessionContract.java:751)
	at org.hibernate.internal.AbstractSharedSessionContract.createQuery(AbstractSharedSessionContract.java:114)
	at sun.reflect.NativeMethodAccessorImpl.invoke0(Native Method)
	at sun.reflect.NativeMethodAccessorImpl.invoke(NativeMethodAccessorImpl.java:62)
	at sun.reflect.DelegatingMethodAccessorImpl.invoke(DelegatingMethodAccessorImpl.java:43)
	at java.lang.reflect.Method.invoke(Method.java:498)
	at org.springframework.orm.jpa.SharedEntityManagerCreator$SharedEntityManagerInvocationHandler.invoke(SharedEntityManagerCreator.java:311)
	at com.sun.proxy.$Proxy94.createQuery(Unknown Source)
	at org.springframework.data.jpa.repository.support.SimpleJpaRepository.getQuery(SimpleJpaRepository.java:757)
	at org.springframework.data.jpa.repository.support.SimpleJpaRepository.getQuery(SimpleJpaRepository.java:734)
	at org.springframework.data.jpa.repository.support.SimpleJpaRepository.findAll(SimpleJpaRepository.java:474)
	at sun.reflect.NativeMethodAccessorImpl.invoke0(Native Method)
	at sun.reflect.NativeMethodAccessorImpl.invoke(NativeMethodAccessorImpl.java:62)
	at sun.reflect.DelegatingMethodAccessorImpl.invoke(DelegatingMethodAccessorImpl.java:43)
	at java.lang.reflect.Method.invoke(Method.java:498)
	at org.springframework.data.repository.core.support.RepositoryMethodInvoker$RepositoryFragmentMethodInvoker.lambda$new$0(RepositoryMethodInvoker.java:289)
	at org.springframework.data.repository.core.support.RepositoryMethodInvoker.doInvoke(RepositoryMethodInvoker.java:137)
	at org.springframework.data.repository.core.support.RepositoryMethodInvoker.invoke(RepositoryMethodInvoker.java:121)
	at org.springframework.data.repository.core.support.RepositoryComposition$RepositoryFragments.invoke(RepositoryComposition.java:529)
	at org.springframework.data.repository.core.support.RepositoryComposition.invoke(RepositoryComposition.java:285)
	at org.springframework.data.repository.core.support.RepositoryFactorySupport$ImplementationMethodExecutionInterceptor.invoke(RepositoryFactorySupport.java:599)
	at org.springframework.aop.framework.ReflectiveMethodInvocation.proceed(ReflectiveMethodInvocation.java:186)
	at org.springframework.data.repository.core.support.QueryExecutorMethodInterceptor.doInvoke(QueryExecutorMethodInterceptor.java:163)
	at org.springframework.data.repository.core.support.QueryExecutorMethodInterceptor.invoke(QueryExecutorMethodInterceptor.java:138)
	at org.springframework.aop.framework.ReflectiveMethodInvocation.proceed(ReflectiveMethodInvocation.java:186)
	at org.springframework.data.projection.DefaultMethodInvokingMethodInterceptor.invoke(DefaultMethodInvokingMethodInterceptor.java:80)
	at org.springframework.aop.framework.ReflectiveMethodInvocation.proceed(ReflectiveMethodInvocation.java:186)
	at org.springframework.transaction.interceptor.TransactionInterceptor$1.proceedWithInvocation(TransactionInterceptor.java:123)
	at org.springframework.transaction.interceptor.TransactionAspectSupport.invokeWithinTransaction(TransactionAspectSupport.java:388)
	at org.springframework.transaction.interceptor.TransactionInterceptor.invoke(TransactionInterceptor.java:119)
	at org.springframework.aop.framework.ReflectiveMethodInvocation.proceed(ReflectiveMethodInvocation.java:186)
	at org.springframework.dao.support.PersistenceExceptionTranslationInterceptor.invoke(PersistenceExceptionTranslationInterceptor.java:137)
	... 25 common frames omitted
13:03:00.009 [scheduling-1] INFO  r.i.s.l.s.OrderRepositoryDAO main-logback [] - executing a database query 'findListNoPay'
13:03:00.009 [scheduling-1] WARN  ru.i.sys.labs.scheduled.MailMessage main-logback [] - Mail-message || Order with ID 20000000-ab7a-4347-8319-12bead48ea8d no pair
13:03:00.009 [scheduling-1] WARN  ru.i.sys.labs.scheduled.MailMessage main-logback [] - Mail-message || Order with ID 20000001-ab7a-4347-8319-12bead48ea8d no pair
13:03:00.009 [scheduling-1] WARN  ru.i.sys.labs.scheduled.MailMessage main-logback [] - Mail-message || Order with ID 20000003-ab7a-4347-8319-12bead48ea8d no pair
13:03:00.009 [scheduling-1] WARN  ru.i.sys.labs.scheduled.MailMessage main-logback [] - Mail-message || Order with ID 20000004-ab7a-4347-8319-12bead48ea8d no pair
13:03:00.009 [scheduling-1] INFO  r.i.s.l.s.OrderRepositoryDAO main-logback [] - executing a database query 'findListNoPay'
13:03:00.024 [scheduling-1] WARN  ru.i.sys.labs.scheduled.SMSMessage main-logback [] - SMS-message || Order with ID 20000000-ab7a-4347-8319-12bead48ea8d no pair
13:03:00.040 [scheduling-1] WARN  ru.i.sys.labs.scheduled.SMSMessage main-logback [] - SMS-message || Order with ID 20000001-ab7a-4347-8319-12bead48ea8d no pair
13:03:00.040 [scheduling-1] WARN  ru.i.sys.labs.scheduled.SMSMessage main-logback [] - SMS-message || Order with ID 20000003-ab7a-4347-8319-12bead48ea8d no pair
13:03:00.040 [scheduling-1] WARN  ru.i.sys.labs.scheduled.SMSMessage main-logback [] - SMS-message || Order with ID 20000004-ab7a-4347-8319-12bead48ea8d no pair
13:03:00.040 [scheduling-1] INFO  r.i.s.l.s.OrderRepositoryDAO main-logback [] - executing a database query 'findOrdersPay'
13:03:00.040 [scheduling-1] INFO  ru.i.sys.labs.scheduled.SMSMessage main-logback [] - SMS-message || Order PAID with ID 20000002-ab7a-4347-8319-12bead48ea8d 
13:03:00.040 [scheduling-1] INFO  r.i.s.l.s.CustomerRepositoryDAO main-logback [] - executing a database query 'findAll' and specification ru.i.sys.labs.specification.CustomerSpecification$$Lambda$1028/605078365@1ba148f3
13:03:00.040 [scheduling-1] ERROR o.s.s.s.TaskUtils$LoggingErrorHandler main-logback [] - Unexpected error occurred in scheduled task
org.springframework.dao.InvalidDataAccessApiUsageException: Parameter value [11/18] did not match expected type [java.util.Date (n/a)]; nested exception is java.lang.IllegalArgumentException: Parameter value [11/18] did not match expected type [java.util.Date (n/a)]
	at org.springframework.orm.jpa.EntityManagerFactoryUtils.convertJpaAccessExceptionIfPossible(EntityManagerFactoryUtils.java:374)
	at org.springframework.orm.jpa.vendor.HibernateJpaDialect.translateExceptionIfPossible(HibernateJpaDialect.java:235)
	at org.springframework.orm.jpa.AbstractEntityManagerFactoryBean.translateExceptionIfPossible(AbstractEntityManagerFactoryBean.java:551)
	at org.springframework.dao.support.ChainedPersistenceExceptionTranslator.translateExceptionIfPossible(ChainedPersistenceExceptionTranslator.java:61)
	at org.springframework.dao.support.DataAccessUtils.translateIfNecessary(DataAccessUtils.java:242)
	at org.springframework.dao.support.PersistenceExceptionTranslationInterceptor.invoke(PersistenceExceptionTranslationInterceptor.java:152)
	at org.springframework.aop.framework.ReflectiveMethodInvocation.proceed(ReflectiveMethodInvocation.java:186)
	at org.springframework.data.jpa.repository.support.CrudMethodMetadataPostProcessor$CrudMethodMetadataPopulatingMethodInterceptor.invoke(CrudMethodMetadataPostProcessor.java:174)
	at org.springframework.aop.framework.ReflectiveMethodInvocation.proceed(ReflectiveMethodInvocation.java:186)
	at org.springframework.aop.interceptor.ExposeInvocationInterceptor.invoke(ExposeInvocationInterceptor.java:97)
	at org.springframework.aop.framework.ReflectiveMethodInvocation.proceed(ReflectiveMethodInvocation.java:186)
	at org.springframework.aop.framework.JdkDynamicAopProxy.invoke(JdkDynamicAopProxy.java:215)
	at com.sun.proxy.$Proxy101.findAll(Unknown Source)
	at ru.i.sys.labs.serviceDAO.CustomerRepositoryDAO.findAll(CustomerRepositoryDAO.java:32)
	at ru.i.sys.labs.scheduled.AlertMessagesService.customerHasBirthday(AlertMessagesService.java:41)
	at ru.i.sys.labs.scheduled.BirthdayMessage.sendMessage(BirthdayMessage.java:23)
	at ru.i.sys.labs.configuration.ScheduleConfiguration.congratulate(ScheduleConfiguration.java:34)
	at sun.reflect.NativeMethodAccessorImpl.invoke0(Native Method)
	at sun.reflect.NativeMethodAccessorImpl.invoke(NativeMethodAccessorImpl.java:62)
	at sun.reflect.DelegatingMethodAccessorImpl.invoke(DelegatingMethodAccessorImpl.java:43)
	at java.lang.reflect.Method.invoke(Method.java:498)
	at org.springframework.scheduling.support.ScheduledMethodRunnable.run(ScheduledMethodRunnable.java:84)
	at org.springframework.scheduling.support.DelegatingErrorHandlingRunnable.run(DelegatingErrorHandlingRunnable.java:54)
	at org.springframework.scheduling.concurrent.ReschedulingRunnable.run(ReschedulingRunnable.java:95)
	at java.util.concurrent.Executors$RunnableAdapter.call(Executors.java:511)
	at java.util.concurrent.FutureTask.run(FutureTask.java:266)
	at java.util.concurrent.ScheduledThreadPoolExecutor$ScheduledFutureTask.access$201(ScheduledThreadPoolExecutor.java:180)
	at java.util.concurrent.ScheduledThreadPoolExecutor$ScheduledFutureTask.run(ScheduledThreadPoolExecutor.java:293)
	at java.util.concurrent.ThreadPoolExecutor.runWorker(ThreadPoolExecutor.java:1149)
	at java.util.concurrent.ThreadPoolExecutor$Worker.run(ThreadPoolExecutor.java:624)
	at java.lang.Thread.run(Thread.java:748)
Caused by: java.lang.IllegalArgumentException: Parameter value [11/18] did not match expected type [java.util.Date (n/a)]
	at org.hibernate.query.spi.QueryParameterBindingValidator.validate(QueryParameterBindingValidator.java:54)
	at org.hibernate.query.spi.QueryParameterBindingValidator.validate(QueryParameterBindingValidator.java:27)
	at org.hibernate.query.internal.QueryParameterBindingImpl.validate(QueryParameterBindingImpl.java:90)
	at org.hibernate.query.internal.QueryParameterBindingImpl.setBindValue(QueryParameterBindingImpl.java:55)
	at org.hibernate.query.internal.AbstractProducedQuery.setParameter(AbstractProducedQuery.java:494)
	at org.hibernate.query.internal.AbstractProducedQuery.setParameter(AbstractProducedQuery.java:115)
	at org.hibernate.query.criteria.internal.compile.CriteriaCompiler$1$1.bind(CriteriaCompiler.java:135)
	at org.hibernate.query.criteria.internal.CriteriaQueryImpl$1.buildCompiledQuery(CriteriaQueryImpl.java:364)
	at org.hibernate.query.criteria.internal.compile.CriteriaCompiler.compile(CriteriaCompiler.java:165)
	at org.hibernate.internal.AbstractSharedSessionContract.createQuery(AbstractSharedSessionContract.java:751)
	at org.hibernate.internal.AbstractSharedSessionContract.createQuery(AbstractSharedSessionContract.java:114)
	at sun.reflect.NativeMethodAccessorImpl.invoke0(Native Method)
	at sun.reflect.NativeMethodAccessorImpl.invoke(NativeMethodAccessorImpl.java:62)
	at sun.reflect.DelegatingMethodAccessorImpl.invoke(DelegatingMethodAccessorImpl.java:43)
	at java.lang.reflect.Method.invoke(Method.java:498)
	at org.springframework.orm.jpa.SharedEntityManagerCreator$SharedEntityManagerInvocationHandler.invoke(SharedEntityManagerCreator.java:311)
	at com.sun.proxy.$Proxy94.createQuery(Unknown Source)
	at org.springframework.data.jpa.repository.support.SimpleJpaRepository.getQuery(SimpleJpaRepository.java:757)
	at org.springframework.data.jpa.repository.support.SimpleJpaRepository.getQuery(SimpleJpaRepository.java:734)
	at org.springframework.data.jpa.repository.support.SimpleJpaRepository.findAll(SimpleJpaRepository.java:474)
	at sun.reflect.NativeMethodAccessorImpl.invoke0(Native Method)
	at sun.reflect.NativeMethodAccessorImpl.invoke(NativeMethodAccessorImpl.java:62)
	at sun.reflect.DelegatingMethodAccessorImpl.invoke(DelegatingMethodAccessorImpl.java:43)
	at java.lang.reflect.Method.invoke(Method.java:498)
	at org.springframework.data.repository.core.support.RepositoryMethodInvoker$RepositoryFragmentMethodInvoker.lambda$new$0(RepositoryMethodInvoker.java:289)
	at org.springframework.data.repository.core.support.RepositoryMethodInvoker.doInvoke(RepositoryMethodInvoker.java:137)
	at org.springframework.data.repository.core.support.RepositoryMethodInvoker.invoke(RepositoryMethodInvoker.java:121)
	at org.springframework.data.repository.core.support.RepositoryComposition$RepositoryFragments.invoke(RepositoryComposition.java:529)
	at org.springframework.data.repository.core.support.RepositoryComposition.invoke(RepositoryComposition.java:285)
	at org.springframework.data.repository.core.support.RepositoryFactorySupport$ImplementationMethodExecutionInterceptor.invoke(RepositoryFactorySupport.java:599)
	at org.springframework.aop.framework.ReflectiveMethodInvocation.proceed(ReflectiveMethodInvocation.java:186)
	at org.springframework.data.repository.core.support.QueryExecutorMethodInterceptor.doInvoke(QueryExecutorMethodInterceptor.java:163)
	at org.springframework.data.repository.core.support.QueryExecutorMethodInterceptor.invoke(QueryExecutorMethodInterceptor.java:138)
	at org.springframework.aop.framework.ReflectiveMethodInvocation.proceed(ReflectiveMethodInvocation.java:186)
	at org.springframework.data.projection.DefaultMethodInvokingMethodInterceptor.invoke(DefaultMethodInvokingMethodInterceptor.java:80)
	at org.springframework.aop.framework.ReflectiveMethodInvocation.proceed(ReflectiveMethodInvocation.java:186)
	at org.springframework.transaction.interceptor.TransactionInterceptor$1.proceedWithInvocation(TransactionInterceptor.java:123)
	at org.springframework.transaction.interceptor.TransactionAspectSupport.invokeWithinTransaction(TransactionAspectSupport.java:388)
	at org.springframework.transaction.interceptor.TransactionInterceptor.invoke(TransactionInterceptor.java:119)
	at org.springframework.aop.framework.ReflectiveMethodInvocation.proceed(ReflectiveMethodInvocation.java:186)
	at org.springframework.dao.support.PersistenceExceptionTranslationInterceptor.invoke(PersistenceExceptionTranslationInterceptor.java:137)
	... 25 common frames omitted
